<?xml version="1.0" encoding="UTF-8"?>
<!-- Generated by org.testng.reporters.JUnitReportReporter -->
<testsuite hostname="DEVOPS_19" name="testng1.NewTest1" tests="1" failures="0" timestamp="30 Jul 2018 10:17:47 GMT" time="0.120" errors="0">
  <testcase name="f" time="0.120" classname="testng1.NewTest1"/>
</testsuite> <!-- testng1.NewTest1 -->
